[2019-01-15T08:21:47.814] [ERROR] http - ::1 - - "GET /favicon.ico HTTP/1.1" 404 150 "http://localhost:3000/" "Mozilla/5.0 (Windows NT 6.1; Win64; x64) AppleWebKit/537.36 (KHTML, like Gecko) Chrome/71.0.3578.98 Safari/537.36"
[2019-01-15T10:53:27.472] [ERROR] http - ::1 - - "GET /api/v1/items/01%2F01%2F2018,12%2F01%2F2018,eci00050,0503813,3,qqq HTTP/1.1" 500 336 "http://localhost:3000/api/v1/docs/" "Mozilla/5.0 (Windows NT 6.1; Win64; x64) AppleWebKit/537.36 (KHTML, like Gecko) Chrome/71.0.3578.98 Safari/537.36"
[2019-01-15T11:12:05.278] [ERROR] http - ::1 - - "GET /api/v1/items/01%2F01%2F2018,31%2F12%2F2018,eci00050,0503813,3,hola HTTP/1.1" 500 336 "http://localhost:3000/api/v1/docs/" "Mozilla/5.0 (Windows NT 6.1; Win64; x64) AppleWebKit/537.36 (KHTML, like Gecko) Chrome/71.0.3578.98 Safari/537.36"
[2019-01-15T11:37:35.185] [ERROR] http - ::1 - - "POST /api/v1/items/InsertBBDD HTTP/1.1" 400 967 "http://localhost:3000/api/v1/docs/" "Mozilla/5.0 (Windows NT 6.1; Win64; x64) AppleWebKit/537.36 (KHTML, like Gecko) Chrome/71.0.3578.98 Safari/537.36"
[2019-01-15T11:49:10.722] [ERROR] http - ::1 - - "POST /api/v1/items/InsertBBDD HTTP/1.1" 400 967 "http://localhost:3000/api/v1/docs/" "Mozilla/5.0 (Windows NT 6.1; Win64; x64) AppleWebKit/537.36 (KHTML, like Gecko) Chrome/71.0.3578.98 Safari/537.36"
[2019-01-15T12:44:02.629] [ERROR] http - ::1 - - "GET /api/v1/items/getSearch?fDesde=01%2F01%2F2018&fHasta=31%2F12%2F2018 HTTP/1.1" 500 415 "http://localhost:3000/api/v1/docs/" "Mozilla/5.0 (Windows NT 6.1; Win64; x64) AppleWebKit/537.36 (KHTML, like Gecko) Chrome/71.0.3578.98 Safari/537.36"
[2019-01-22T11:38:03.386] [ERROR] http - ::1 - - "GET /favicon.ico HTTP/1.1" 404 150 "http://localhost:3000/" "Mozilla/5.0 (Windows NT 10.0; WOW64) AppleWebKit/537.36 (KHTML, like Gecko) Chrome/71.0.3578.98 Safari/537.36"
[2019-01-22T11:40:14.572] [ERROR] http - ::1 - - "GET /api/v1/items/hola HTTP/1.1" 500 301 "http://localhost:3000/api/v1/docs/" "Mozilla/5.0 (Windows NT 10.0; WOW64) AppleWebKit/537.36 (KHTML, like Gecko) Chrome/71.0.3578.98 Safari/537.36"
[2019-01-22T11:41:42.545] [ERROR] http - ::1 - - "GET /api/vi/docs HTTP/1.1" 404 150 "" "Mozilla/5.0 (Windows NT 10.0; WOW64) AppleWebKit/537.36 (KHTML, like Gecko) Chrome/71.0.3578.98 Safari/537.36"
[2019-01-23T09:30:09.317] [ERROR] http - ::1 - - "GET /favicon.ico HTTP/1.1" 404 150 "http://localhost:3000/" "Mozilla/5.0 (Windows NT 10.0; WOW64) AppleWebKit/537.36 (KHTML, like Gecko) Chrome/71.0.3578.98 Safari/537.36"
[2019-01-23T09:38:00.379] [ERROR] http - ::1 - - "GET /favicon.ico HTTP/1.1" 404 150 "http://localhost:3000/" "Mozilla/5.0 (Windows NT 10.0; WOW64) AppleWebKit/537.36 (KHTML, like Gecko) Chrome/71.0.3578.98 Safari/537.36"
[2019-01-23T10:25:01.712] [ERROR] http - ::1 - - "GET /api/vi/docs HTTP/1.1" 404 150 "" "Mozilla/5.0 (Windows NT 10.0; WOW64) AppleWebKit/537.36 (KHTML, like Gecko) Chrome/71.0.3578.98 Safari/537.36"
[2019-01-23T10:31:30.811] [ERROR] http - ::1 - - "GET /api/vi/docs HTTP/1.1" 404 150 "" "Mozilla/5.0 (Windows NT 10.0; WOW64) AppleWebKit/537.36 (KHTML, like Gecko) Chrome/71.0.3578.98 Safari/537.36"
[2019-01-23T10:31:31.614] [ERROR] http - ::1 - - "GET /api/vi/docs HTTP/1.1" 404 150 "" "Mozilla/5.0 (Windows NT 10.0; WOW64) AppleWebKit/537.36 (KHTML, like Gecko) Chrome/71.0.3578.98 Safari/537.36"
[2019-01-23T10:31:31.766] [ERROR] http - ::1 - - "GET /api/vi/docs HTTP/1.1" 404 150 "" "Mozilla/5.0 (Windows NT 10.0; WOW64) AppleWebKit/537.36 (KHTML, like Gecko) Chrome/71.0.3578.98 Safari/537.36"
[2019-01-23T10:31:31.925] [ERROR] http - ::1 - - "GET /api/vi/docs HTTP/1.1" 404 150 "" "Mozilla/5.0 (Windows NT 10.0; WOW64) AppleWebKit/537.36 (KHTML, like Gecko) Chrome/71.0.3578.98 Safari/537.36"
[2019-01-23T11:48:47.887] [ERROR] http - ::1 - - "GET /favicon.ico HTTP/1.1" 404 150 "http://localhost:3000/" "Mozilla/5.0 (Windows NT 10.0; WOW64) AppleWebKit/537.36 (KHTML, like Gecko) Chrome/71.0.3578.98 Safari/537.36"
[2019-01-23T11:49:10.426] [ERROR] http - ::1 - - "GET /api/v1/items/1 HTTP/1.1" 500 1024 "http://localhost:3000/api/v1/docs/" "Mozilla/5.0 (Windows NT 10.0; WOW64) AppleWebKit/537.36 (KHTML, like Gecko) Chrome/71.0.3578.98 Safari/537.36"
[2019-01-23T11:56:41.434] [ERROR] http - ::1 - - "GET /api/v1/items/sergio HTTP/1.1" 500 1024 "http://localhost:3000/api/v1/docs/" "Mozilla/5.0 (Windows NT 10.0; WOW64) AppleWebKit/537.36 (KHTML, like Gecko) Chrome/71.0.3578.98 Safari/537.36"
[2019-01-23T12:54:00.935] [ERROR] http - ::1 - - "GET /api/vi/docs HTTP/1.1" 404 150 "" "Mozilla/5.0 (Windows NT 10.0; WOW64) AppleWebKit/537.36 (KHTML, like Gecko) Chrome/71.0.3578.98 Safari/537.36"
[2019-01-24T08:35:42.914] [ERROR] http - ::1 - - "GET /favicon.ico HTTP/1.1" 404 150 "http://localhost:3000/" "Mozilla/5.0 (Windows NT 10.0; WOW64) AppleWebKit/537.36 (KHTML, like Gecko) Chrome/71.0.3578.98 Safari/537.36"
[2019-01-24T13:20:15.589] [ERROR] http - ::1 - - "GET /api/v1/items/empleados?id=2 HTTP/1.1" 500 1024 "http://localhost:4200/" "Mozilla/5.0 (Windows NT 10.0; WOW64) AppleWebKit/537.36 (KHTML, like Gecko) Chrome/71.0.3578.98 Safari/537.36"
[2019-01-24T13:20:51.081] [ERROR] http - ::1 - - "GET /api/v1/items/empleados?id=2 HTTP/1.1" 500 1024 "" "Mozilla/5.0 (Windows NT 10.0; WOW64) AppleWebKit/537.36 (KHTML, like Gecko) Chrome/71.0.3578.98 Safari/537.36"
[2019-01-24T13:40:06.251] [ERROR] http - ::1 - - "GET /api/v1/items/empleados?id=3 HTTP/1.1" 500 1025 "http://localhost:4200/" "Mozilla/5.0 (Windows NT 10.0; WOW64) AppleWebKit/537.36 (KHTML, like Gecko) Chrome/71.0.3578.98 Safari/537.36"
[2019-01-24T13:40:40.490] [ERROR] http - ::1 - - "GET /api/v1/items/empleados?id=3 HTTP/1.1" 500 1025 "" "Mozilla/5.0 (Windows NT 10.0; WOW64) AppleWebKit/537.36 (KHTML, like Gecko) Chrome/71.0.3578.98 Safari/537.36"
[2019-01-24T14:18:43.075] [ERROR] http - ::1 - - "GET /api/v1/items/empleados?id=3 HTTP/1.1" 500 1060 "" "Mozilla/5.0 (Windows NT 10.0; WOW64) AppleWebKit/537.36 (KHTML, like Gecko) Chrome/71.0.3578.98 Safari/537.36"
[2019-01-24T14:20:55.677] [ERROR] http - ::1 - - "GET /api/v1/items/empleados?id=1 HTTP/1.1" 500 1060 "" "Mozilla/5.0 (Windows NT 10.0; WOW64) AppleWebKit/537.36 (KHTML, like Gecko) Chrome/71.0.3578.98 Safari/537.36"
[2019-01-24T14:24:33.901] [ERROR] http - ::1 - - "GET /api/v1/items/empleados?id=1 HTTP/1.1" 500 1060 "http://localhost:4200/" "Mozilla/5.0 (Windows NT 10.0; WOW64) AppleWebKit/537.36 (KHTML, like Gecko) Chrome/71.0.3578.98 Safari/537.36"
[2019-01-25T08:48:37.863] [ERROR] http - ::1 - - "GET /api/v1/items/empleados?id=1 HTTP/1.1" 500 1060 "" "Mozilla/5.0 (Windows NT 10.0; WOW64) AppleWebKit/537.36 (KHTML, like Gecko) Chrome/71.0.3578.98 Safari/537.36"
[2019-01-25T08:48:37.917] [ERROR] http - ::1 - - "GET /favicon.ico HTTP/1.1" 404 150 "http://localhost:3000/api/v1/items/empleados?id=1" "Mozilla/5.0 (Windows NT 10.0; WOW64) AppleWebKit/537.36 (KHTML, like Gecko) Chrome/71.0.3578.98 Safari/537.36"
[2019-01-25T08:53:00.320] [ERROR] http - ::1 - - "GET /api/v1/items/empleados?id=2 HTTP/1.1" 500 1249 "http://localhost:4200/" "Mozilla/5.0 (Windows NT 10.0; WOW64) AppleWebKit/537.36 (KHTML, like Gecko) Chrome/71.0.3578.98 Safari/537.36"
[2019-01-25T09:14:45.126] [ERROR] http - ::1 - - "GET /api/v1/items/empleados?id=3 HTTP/1.1" 500 1024 "http://localhost:4200/" "Mozilla/5.0 (Windows NT 10.0; WOW64) AppleWebKit/537.36 (KHTML, like Gecko) Chrome/71.0.3578.98 Safari/537.36"
[2019-01-25T09:17:17.272] [ERROR] http - ::1 - - "GET /api/v1/items/empleados?id=3 HTTP/1.1" 500 1061 "" "Mozilla/5.0 (Windows NT 10.0; WOW64) AppleWebKit/537.36 (KHTML, like Gecko) Chrome/71.0.3578.98 Safari/537.36"
[2019-01-25T09:48:07.774] [ERROR] http - ::1 - - "GET /favicon.ico HTTP/1.1" 404 150 "http://localhost:3000/api/v1/items/empleados?id=3" "Mozilla/5.0 (Windows NT 10.0; WOW64) AppleWebKit/537.36 (KHTML, like Gecko) Chrome/71.0.3578.98 Safari/537.36"
[2019-01-25T10:04:36.611] [ERROR] http - ::1 - - "GET /api/v1/items/empleados?id=4 HTTP/1.1" 500 1249 "http://localhost:4200/" "Mozilla/5.0 (Windows NT 10.0; WOW64) AppleWebKit/537.36 (KHTML, like Gecko) Chrome/71.0.3578.98 Safari/537.36"
[2019-01-25T10:08:16.376] [ERROR] http - ::1 - - "GET /api/v1/items/empleados?id=4 HTTP/1.1" 500 1249 "http://localhost:4200/" "Mozilla/5.0 (Windows NT 10.0; WOW64) AppleWebKit/537.36 (KHTML, like Gecko) Chrome/71.0.3578.98 Safari/537.36"
[2019-01-25T10:19:33.690] [ERROR] http - ::1 - - "GET /api/v1/items/empleados?id=3 HTTP/1.1" 500 1249 "http://localhost:4200/" "Mozilla/5.0 (Windows NT 10.0; WOW64) AppleWebKit/537.36 (KHTML, like Gecko) Chrome/71.0.3578.98 Safari/537.36"
[2019-01-25T10:21:30.289] [ERROR] http - ::1 - - "GET /api/v1/items/empleados?id=3 HTTP/1.1" 500 1249 "http://localhost:4200/" "Mozilla/5.0 (Windows NT 10.0; WOW64) AppleWebKit/537.36 (KHTML, like Gecko) Chrome/71.0.3578.98 Safari/537.36"
[2019-01-25T10:27:42.824] [ERROR] http - ::1 - - "GET /api/v1/items/empleados?id=3 HTTP/1.1" 400 142 "http://localhost:4200/" "Mozilla/5.0 (Windows NT 10.0; WOW64) AppleWebKit/537.36 (KHTML, like Gecko) Chrome/71.0.3578.98 Safari/537.36"
[2019-01-25T10:31:06.177] [ERROR] http - ::1 - - "GET /api/v1/items/empleados?id=3 HTTP/1.1" 400 142 "http://localhost:4200/" "Mozilla/5.0 (Windows NT 10.0; WOW64) AppleWebKit/537.36 (KHTML, like Gecko) Chrome/71.0.3578.98 Safari/537.36"
[2019-01-25T10:38:08.331] [ERROR] http - ::1 - - "GET /api/v1/items/empleados?id=1 HTTP/1.1" 400 142 "http://localhost:4200/" "Mozilla/5.0 (Windows NT 10.0; WOW64) AppleWebKit/537.36 (KHTML, like Gecko) Chrome/71.0.3578.98 Safari/537.36"
[2019-01-25T10:39:28.282] [ERROR] http - ::1 - - "GET /api/v1/items/empleados?id=1 HTTP/1.1" 404 161 "http://localhost:4200/" "Mozilla/5.0 (Windows NT 10.0; WOW64) AppleWebKit/537.36 (KHTML, like Gecko) Chrome/71.0.3578.98 Safari/537.36"
[2019-01-25T10:41:17.418] [ERROR] http - ::1 - - "GET /api/v1/items/empleados?id=1 HTTP/1.1" 404 161 "http://localhost:4200/" "Mozilla/5.0 (Windows NT 10.0; WOW64) AppleWebKit/537.36 (KHTML, like Gecko) Chrome/71.0.3578.98 Safari/537.36"
[2019-01-25T10:42:59.334] [ERROR] http - ::1 - - "GET /api/v1/items/empleados?id=1 HTTP/1.1" 404 161 "http://localhost:4200/" "Mozilla/5.0 (Windows NT 10.0; WOW64) AppleWebKit/537.36 (KHTML, like Gecko) Chrome/71.0.3578.98 Safari/537.36"
[2019-01-25T10:43:21.282] [ERROR] http - ::1 - - "GET /api/v1/items/empleados?id=1 HTTP/1.1" 404 161 "http://localhost:4200/" "Mozilla/5.0 (Windows NT 10.0; WOW64) AppleWebKit/537.36 (KHTML, like Gecko) Chrome/71.0.3578.98 Safari/537.36"
[2019-01-25T10:43:47.864] [ERROR] http - ::1 - - "GET /api/v1/items/empleados?id=1 HTTP/1.1" 500 1249 "http://localhost:4200/" "Mozilla/5.0 (Windows NT 10.0; WOW64) AppleWebKit/537.36 (KHTML, like Gecko) Chrome/71.0.3578.98 Safari/537.36"
[2019-01-25T10:49:06.403] [ERROR] http - ::1 - - "GET /api/v1/items/empleados?id=1 HTTP/1.1" 500 1249 "http://localhost:4200/" "Mozilla/5.0 (Windows NT 10.0; WOW64) AppleWebKit/537.36 (KHTML, like Gecko) Chrome/71.0.3578.98 Safari/537.36"
[2019-01-25T10:57:28.550] [ERROR] http - ::1 - - "GET /api/v1/items/empleados?id=1 HTTP/1.1" 500 1249 "http://localhost:4200/" "Mozilla/5.0 (Windows NT 10.0; WOW64) AppleWebKit/537.36 (KHTML, like Gecko) Chrome/71.0.3578.98 Safari/537.36"
[2019-01-25T11:02:36.536] [ERROR] http - ::1 - - "GET /api/v1/items/empleados?id=1 HTTP/1.1" 500 1249 "http://localhost:4200/" "Mozilla/5.0 (Windows NT 10.0; WOW64) AppleWebKit/537.36 (KHTML, like Gecko) Chrome/71.0.3578.98 Safari/537.36"
[2019-01-25T11:03:21.768] [ERROR] http - ::1 - - "GET /api/v1/items/empleados?id=1 HTTP/1.1" 500 1249 "http://localhost:4200/" "Mozilla/5.0 (Windows NT 10.0; WOW64) AppleWebKit/537.36 (KHTML, like Gecko) Chrome/71.0.3578.98 Safari/537.36"
[2019-01-25T11:45:07.141] [ERROR] http - ::1 - - "GET /api/v1/items/empleados?id=5 HTTP/1.1" 500 1058 "" "Mozilla/5.0 (Windows NT 10.0; WOW64) AppleWebKit/537.36 (KHTML, like Gecko) Chrome/71.0.3578.98 Safari/537.36"
[2019-01-25T13:29:49.230] [ERROR] http - ::1 - - "GET /api/v1/items/empleados?id=null HTTP/1.1" 500 1244 "http://localhost:4200/" "Mozilla/5.0 (Windows NT 10.0; WOW64) AppleWebKit/537.36 (KHTML, like Gecko) Chrome/71.0.3578.98 Safari/537.36"
[2019-01-29T08:38:59.496] [ERROR] http - ::1 - - "GET /favicon.ico HTTP/1.1" 404 150 "http://localhost:3000/api/v1/items/empleados?id=5" "Mozilla/5.0 (Windows NT 10.0; WOW64) AppleWebKit/537.36 (KHTML, like Gecko) Chrome/71.0.3578.98 Safari/537.36"
[2019-01-29T08:48:17.062] [ERROR] http - ::1 - - "GET /api/v1/items/%7BsearchId%7D HTTP/1.1" 500 1249 "http://localhost:3000/api/v1/docs/" "Mozilla/5.0 (Windows NT 10.0; WOW64) AppleWebKit/537.36 (KHTML, like Gecko) Chrome/71.0.3578.98 Safari/537.36"
[2019-01-29T10:15:42.194] [ERROR] http - ::1 - - "GET /favicon.ico HTTP/1.1" 404 150 "http://localhost:3000/api/v1/items/empleados?id=2" "Mozilla/5.0 (Windows NT 10.0; WOW64) AppleWebKit/537.36 (KHTML, like Gecko) Chrome/71.0.3578.98 Safari/537.36"
[2019-01-29T12:18:08.886] [ERROR] http - ::1 - - "GET /api/v1/items/empleados?id=undefined HTTP/1.1" 500 1249 "http://localhost:4200/empleadoApellido" "Mozilla/5.0 (Windows NT 10.0; WOW64) AppleWebKit/537.36 (KHTML, like Gecko) Chrome/71.0.3578.98 Safari/537.36"
[2019-01-29T12:50:30.165] [ERROR] http - ::1 - - "GET /api/v1/items/empleados?id=undefined HTTP/1.1" 500 1249 "http://localhost:4200/empleadoId" "Mozilla/5.0 (Windows NT 10.0; WOW64) AppleWebKit/537.36 (KHTML, like Gecko) Chrome/71.0.3578.98 Safari/537.36"
[2019-01-29T12:50:39.968] [ERROR] http - ::1 - - "GET /api/v1/items/empleados?id=undefined HTTP/1.1" 500 1249 "http://localhost:4200/empleadoId" "Mozilla/5.0 (Windows NT 10.0; WOW64) AppleWebKit/537.36 (KHTML, like Gecko) Chrome/71.0.3578.98 Safari/537.36"
[2019-01-30T11:37:47.671] [ERROR] http - ::1 - - "POST /api/v1/items/empleados HTTP/1.1" 500 1419 "http://localhost:4200/altaEmpleado" "Mozilla/5.0 (Windows NT 10.0; WOW64) AppleWebKit/537.36 (KHTML, like Gecko) Chrome/71.0.3578.98 Safari/537.36"
[2019-01-30T11:38:13.743] [ERROR] http - ::1 - - "GET /api/v1/items/empleados HTTP/1.1" 500 1024 "" "Mozilla/5.0 (Windows NT 10.0; WOW64) AppleWebKit/537.36 (KHTML, like Gecko) Chrome/71.0.3578.98 Safari/537.36"
[2019-01-30T11:38:13.819] [ERROR] http - ::1 - - "GET /favicon.ico HTTP/1.1" 404 150 "http://localhost:3000/api/v1/items/empleados" "Mozilla/5.0 (Windows NT 10.0; WOW64) AppleWebKit/537.36 (KHTML, like Gecko) Chrome/71.0.3578.98 Safari/537.36"
[2019-01-30T11:42:37.463] [ERROR] http - ::1 - - "POST /api/v1/items/empleados HTTP/1.1" 500 1419 "http://localhost:4200/altaEmpleado" "Mozilla/5.0 (Windows NT 10.0; WOW64) AppleWebKit/537.36 (KHTML, like Gecko) Chrome/71.0.3578.98 Safari/537.36"
[2019-01-30T11:45:42.319] [ERROR] http - ::1 - - "POST /api/v1/items/empleados HTTP/1.1" 500 1419 "http://localhost:4200/altaEmpleado" "Mozilla/5.0 (Windows NT 10.0; WOW64) AppleWebKit/537.36 (KHTML, like Gecko) Chrome/71.0.3578.98 Safari/537.36"
[2019-01-30T11:45:49.642] [ERROR] http - ::1 - - "GET /api/v1/items/empleados HTTP/1.1" 404 161 "" "Mozilla/5.0 (Windows NT 10.0; WOW64) AppleWebKit/537.36 (KHTML, like Gecko) Chrome/71.0.3578.98 Safari/537.36"
[2019-01-30T11:47:17.530] [ERROR] http - ::1 - - "POST /api/v1/items/empleados HTTP/1.1" 500 1419 "http://localhost:4200/altaEmpleado" "Mozilla/5.0 (Windows NT 10.0; WOW64) AppleWebKit/537.36 (KHTML, like Gecko) Chrome/71.0.3578.98 Safari/537.36"
[2019-01-30T11:47:32.880] [ERROR] http - ::1 - - "GET /api/v1/items/empleados HTTP/1.1" 404 161 "" "Mozilla/5.0 (Windows NT 10.0; WOW64) AppleWebKit/537.36 (KHTML, like Gecko) Chrome/71.0.3578.98 Safari/537.36"
[2019-01-30T11:56:38.016] [ERROR] http - ::1 - - "POST /api/v1/items/empleados HTTP/1.1" 500 1419 "http://localhost:4200/altaEmpleado" "Mozilla/5.0 (Windows NT 10.0; WOW64) AppleWebKit/537.36 (KHTML, like Gecko) Chrome/71.0.3578.98 Safari/537.36"
[2019-01-30T12:18:20.820] [ERROR] http - ::1 - - "POST /api/v1/items/empleados HTTP/1.1" 500 1419 "http://localhost:4200/altaEmpleado" "Mozilla/5.0 (Windows NT 10.0; WOW64) AppleWebKit/537.36 (KHTML, like Gecko) Chrome/71.0.3578.98 Safari/537.36"
[2019-01-30T12:22:52.843] [ERROR] http - ::ffff:127.0.0.1 - - "GET /api/v1/items/empleados?id=1 HTTP/1.1" 404 161 "http://localhost:4200/empleadoId" "Mozilla/5.0 (Windows NT 10.0; Win64; x64; rv:64.0) Gecko/20100101 Firefox/64.0"
[2019-01-30T12:23:05.219] [ERROR] http - ::ffff:127.0.0.1 - - "GET /api/v1/items/empleados?id=1 HTTP/1.1" 404 161 "" "Mozilla/5.0 (Windows NT 10.0; Win64; x64; rv:64.0) Gecko/20100101 Firefox/64.0"
[2019-01-30T12:23:05.264] [ERROR] http - ::ffff:127.0.0.1 - - "GET /favicon.ico HTTP/1.1" 404 150 "" "Mozilla/5.0 (Windows NT 10.0; Win64; x64; rv:64.0) Gecko/20100101 Firefox/64.0"
[2019-01-30T12:27:13.207] [ERROR] http - ::ffff:127.0.0.1 - - "POST /api/v1/items/empleados HTTP/1.1" 500 1419 "http://localhost:4200/altaEmpleado" "Mozilla/5.0 (Windows NT 10.0; Win64; x64; rv:64.0) Gecko/20100101 Firefox/64.0"
[2019-01-30T12:29:50.911] [ERROR] http - ::ffff:127.0.0.1 - - "POST /api/v1/items/%7BinsertNew%7D HTTP/1.1" 500 1419 "http://localhost:3000/api/v1/docs/" "Mozilla/5.0 (Windows NT 10.0; Win64; x64; rv:64.0) Gecko/20100101 Firefox/64.0"
[2019-01-30T12:31:42.492] [ERROR] http - ::ffff:127.0.0.1 - - "GET /api/v1/items/empleados: HTTP/1.1" 404 162 "" "Mozilla/5.0 (Windows NT 10.0; Win64; x64; rv:64.0) Gecko/20100101 Firefox/64.0"
[2019-01-30T12:31:42.519] [ERROR] http - ::ffff:127.0.0.1 - - "GET /favicon.ico HTTP/1.1" 404 150 "" "Mozilla/5.0 (Windows NT 10.0; Win64; x64; rv:64.0) Gecko/20100101 Firefox/64.0"
[2019-01-30T12:58:28.746] [ERROR] http - ::ffff:127.0.0.1 - - "GET /api/v1/items/%7BsearchId%7D HTTP/1.1" 500 1023 "http://localhost:3000/api/v1/docs/" "Mozilla/5.0 (Windows NT 10.0; Win64; x64; rv:64.0) Gecko/20100101 Firefox/64.0"
[2019-01-30T13:12:21.600] [ERROR] http - ::ffff:127.0.0.1 - - "POST /api/v1/items/empleados HTTP/1.1" 500 1419 "http://localhost:4200/altaEmpleado" "Mozilla/5.0 (Windows NT 10.0; Win64; x64; rv:64.0) Gecko/20100101 Firefox/64.0"
[2019-01-30T13:29:04.810] [ERROR] http - ::1 - - "POST /api/v1/items/empleados HTTP/1.1" 500 1419 "http://localhost:4200/altaEmpleado" "Mozilla/5.0 (Windows NT 10.0; WOW64) AppleWebKit/537.36 (KHTML, like Gecko) Chrome/71.0.3578.98 Safari/537.36"
[2019-01-30T14:06:29.240] [ERROR] http - ::1 - - "POST /api/v1/items/empleados HTTP/1.1" 500 1419 "http://localhost:4200/altaEmpleado" "Mozilla/5.0 (Windows NT 10.0; WOW64) AppleWebKit/537.36 (KHTML, like Gecko) Chrome/71.0.3578.98 Safari/537.36"
[2019-01-30T14:14:39.004] [ERROR] http - ::ffff:127.0.0.1 - - "POST /api/v1/items/empleados?nombre=asfgh&apellido1=adfh&apellido2=dh&direccion=dgh&cp=sdgh&poblacion=sdgh&provincia=sdgh&telefono=sdgh&email=sdgh HTTP/1.1" 500 1419 "http://localhost:3000/api/v1/docs/" "Mozilla/5.0 (Windows NT 10.0; Win64; x64; rv:64.0) Gecko/20100101 Firefox/64.0"
[2019-01-30T14:18:54.723] [ERROR] http - ::1 - - "POST /api/v1/items/empleados HTTP/1.1" 500 1380 "http://localhost:4200/altaEmpleado" "Mozilla/5.0 (Windows NT 10.0; WOW64) AppleWebKit/537.36 (KHTML, like Gecko) Chrome/71.0.3578.98 Safari/537.36"
[2019-01-31T12:25:31.048] [ERROR] http - ::1 - - "GET /api/v1/items/empleados?campo=nombre?busqueda=Cristina HTTP/1.1" 500 1291 "http://localhost:4200/busquedaGeneral" "Mozilla/5.0 (Windows NT 10.0; WOW64) AppleWebKit/537.36 (KHTML, like Gecko) Chrome/71.0.3578.98 Safari/537.36"
[2019-01-31T12:29:17.125] [ERROR] http - ::1 - - "GET /api/v1/items/empleados?campo=nombre?busqueda=Cristina HTTP/1.1" 500 1297 "http://localhost:4200/busquedaGeneral" "Mozilla/5.0 (Windows NT 10.0; WOW64) AppleWebKit/537.36 (KHTML, like Gecko) Chrome/71.0.3578.98 Safari/537.36"
[2019-01-31T12:33:21.014] [ERROR] http - ::1 - - "GET /api/v1/items/empleados?campo=nombre?busqueda=Cristina HTTP/1.1" 500 1297 "http://localhost:4200/busquedaGeneral" "Mozilla/5.0 (Windows NT 10.0; WOW64) AppleWebKit/537.36 (KHTML, like Gecko) Chrome/71.0.3578.98 Safari/537.36"
[2019-01-31T14:11:31.640] [ERROR] http - ::1 - - "GET /api/v1/items/empleado?id=1 HTTP/1.1" 404 160 "http://localhost:4200/empleadoId" "Mozilla/5.0 (Windows NT 10.0; WOW64) AppleWebKit/537.36 (KHTML, like Gecko) Chrome/71.0.3578.98 Safari/537.36"
[2019-01-31T14:12:07.992] [ERROR] http - ::1 - - "GET /api/v1/items/empleado?id=1 HTTP/1.1" 404 160 "" "Mozilla/5.0 (Windows NT 10.0; WOW64) AppleWebKit/537.36 (KHTML, like Gecko) Chrome/71.0.3578.98 Safari/537.36"
[2019-01-31T14:12:08.066] [ERROR] http - ::1 - - "GET /favicon.ico HTTP/1.1" 404 150 "http://localhost:3000/api/v1/items/empleado?id=1" "Mozilla/5.0 (Windows NT 10.0; WOW64) AppleWebKit/537.36 (KHTML, like Gecko) Chrome/71.0.3578.98 Safari/537.36"
[2019-01-31T14:14:38.581] [ERROR] http - ::1 - - "GET /api/v1/items/empleado?id=1 HTTP/1.1" 500 1178 "http://localhost:4200/empleadoId" "Mozilla/5.0 (Windows NT 10.0; WOW64) AppleWebKit/537.36 (KHTML, like Gecko) Chrome/71.0.3578.98 Safari/537.36"
[2019-01-31T14:19:25.871] [ERROR] http - ::1 - - "GET /api/v1/items/empleado?id=1 HTTP/1.1" 404 160 "http://localhost:4200/empleadoId" "Mozilla/5.0 (Windows NT 10.0; WOW64) AppleWebKit/537.36 (KHTML, like Gecko) Chrome/71.0.3578.98 Safari/537.36"
[2019-01-31T14:23:12.711] [ERROR] http - ::1 - - "GET /api/v1/items/empleado?id=1 HTTP/1.1" 404 160 "http://localhost:4200/empleadoId" "Mozilla/5.0 (Windows NT 10.0; WOW64) AppleWebKit/537.36 (KHTML, like Gecko) Chrome/71.0.3578.98 Safari/537.36"
[2019-01-31T14:24:52.303] [ERROR] http - ::1 - - "GET /api/v1/items/empleado/?id=1 HTTP/1.1" 404 161 "http://localhost:4200/empleadoId" "Mozilla/5.0 (Windows NT 10.0; WOW64) AppleWebKit/537.36 (KHTML, like Gecko) Chrome/71.0.3578.98 Safari/537.36"
[2019-01-31T14:28:48.344] [ERROR] http - ::1 - - "GET /api/v1/items/empleado?id=1 HTTP/1.1" 404 160 "http://localhost:4200/empleadoId" "Mozilla/5.0 (Windows NT 10.0; WOW64) AppleWebKit/537.36 (KHTML, like Gecko) Chrome/71.0.3578.98 Safari/537.36"
[2019-01-31T14:29:03.878] [ERROR] http - ::1 - - "GET /api/v1/items/empleado?id=1 HTTP/1.1" 404 160 "" "Mozilla/5.0 (Windows NT 10.0; WOW64) AppleWebKit/537.36 (KHTML, like Gecko) Chrome/71.0.3578.98 Safari/537.36"
[2019-01-31T14:30:34.871] [ERROR] http - ::1 - - "GET /api/v1/items/empleado?id=1 HTTP/1.1" 500 1178 "http://localhost:4200/empleadoId" "Mozilla/5.0 (Windows NT 10.0; WOW64) AppleWebKit/537.36 (KHTML, like Gecko) Chrome/71.0.3578.98 Safari/537.36"
[2019-02-01T09:07:27.005] [ERROR] http - ::1 - - "GET /api/v1/items/empleado?id=1 HTTP/1.1" 404 160 "http://localhost:4200/empleadoId" "Mozilla/5.0 (Windows NT 10.0; WOW64) AppleWebKit/537.36 (KHTML, like Gecko) Chrome/71.0.3578.98 Safari/537.36"
[2019-02-01T09:09:49.008] [ERROR] http - ::1 - - "GET /api/v1/items/empleado?id=1 HTTP/1.1" 500 1178 "http://localhost:4200/empleadoId" "Mozilla/5.0 (Windows NT 10.0; WOW64) AppleWebKit/537.36 (KHTML, like Gecko) Chrome/71.0.3578.98 Safari/537.36"
[2019-02-01T09:12:06.175] [ERROR] http - ::1 - - "GET /api/v1/items/empleado?id=1 HTTP/1.1" 404 160 "http://localhost:4200/empleadoId" "Mozilla/5.0 (Windows NT 10.0; WOW64) AppleWebKit/537.36 (KHTML, like Gecko) Chrome/71.0.3578.98 Safari/537.36"
[2019-02-01T09:28:38.168] [ERROR] http - ::1 - - "GET /api/v1/items/empleado/?id=1 HTTP/1.1" 500 1178 "http://localhost:4200/empleadoId" "Mozilla/5.0 (Windows NT 10.0; WOW64) AppleWebKit/537.36 (KHTML, like Gecko) Chrome/71.0.3578.98 Safari/537.36"
[2019-02-01T10:08:15.205] [ERROR] http - ::1 - - "GET /api/v1/items/empleado/?id=1 HTTP/1.1" 500 1178 "http://localhost:4200/empleadoId" "Mozilla/5.0 (Windows NT 10.0; WOW64) AppleWebKit/537.36 (KHTML, like Gecko) Chrome/71.0.3578.98 Safari/537.36"
[2019-02-01T10:10:24.636] [ERROR] http - ::1 - - "GET /api/v1/items/empleado/?id=1 HTTP/1.1" 404 161 "http://localhost:4200/empleadoId" "Mozilla/5.0 (Windows NT 10.0; WOW64) AppleWebKit/537.36 (KHTML, like Gecko) Chrome/71.0.3578.98 Safari/537.36"
[2019-02-01T10:11:42.120] [ERROR] http - ::1 - - "GET /api/v1/items/empleado/?id=1 HTTP/1.1" 404 161 "http://localhost:4200/empleadoId" "Mozilla/5.0 (Windows NT 10.0; WOW64) AppleWebKit/537.36 (KHTML, like Gecko) Chrome/71.0.3578.98 Safari/537.36"
[2019-02-01T10:12:56.958] [ERROR] http - ::1 - - "GET /api/v1/items/empleado?id=1 HTTP/1.1" 404 160 "http://localhost:4200/empleadoId" "Mozilla/5.0 (Windows NT 10.0; WOW64) AppleWebKit/537.36 (KHTML, like Gecko) Chrome/71.0.3578.98 Safari/537.36"
[2019-02-01T10:14:10.861] [ERROR] http - ::1 - - "GET /api/v1/items/empleado?id=1 HTTP/1.1" 404 160 "http://localhost:4200/empleadoId" "Mozilla/5.0 (Windows NT 10.0; WOW64) AppleWebKit/537.36 (KHTML, like Gecko) Chrome/71.0.3578.98 Safari/537.36"
[2019-02-01T10:19:27.350] [ERROR] http - ::1 - - "GET /api/v1/items/empleado?id=2 HTTP/1.1" 404 160 "http://localhost:4200/empleadoId" "Mozilla/5.0 (Windows NT 10.0; WOW64) AppleWebKit/537.36 (KHTML, like Gecko) Chrome/71.0.3578.98 Safari/537.36"
[2019-02-01T10:20:14.438] [ERROR] http - ::1 - - "GET /api/v1/items/empleado?id=2 HTTP/1.1" 404 160 "" "Mozilla/5.0 (Windows NT 10.0; WOW64) AppleWebKit/537.36 (KHTML, like Gecko) Chrome/71.0.3578.98 Safari/537.36"
[2019-02-01T10:20:14.499] [ERROR] http - ::1 - - "GET /favicon.ico HTTP/1.1" 404 150 "http://localhost:3000/api/v1/items/empleado?id=2" "Mozilla/5.0 (Windows NT 10.0; WOW64) AppleWebKit/537.36 (KHTML, like Gecko) Chrome/71.0.3578.98 Safari/537.36"
[2019-02-01T10:21:32.762] [ERROR] http - ::1 - - "GET /api/v1/items/empleado?id=1 HTTP/1.1" 500 1178 "http://localhost:4200/empleadoId" "Mozilla/5.0 (Windows NT 10.0; WOW64) AppleWebKit/537.36 (KHTML, like Gecko) Chrome/71.0.3578.98 Safari/537.36"
[2019-02-01T10:22:38.576] [ERROR] http - ::1 - - "GET /api/v1/items/empleado?id=1 HTTP/1.1" 500 1178 "http://localhost:4200/empleadoId" "Mozilla/5.0 (Windows NT 10.0; WOW64) AppleWebKit/537.36 (KHTML, like Gecko) Chrome/71.0.3578.98 Safari/537.36"
[2019-02-01T10:23:32.620] [ERROR] http - ::1 - - "GET /api/v1/items/empleado?id=1 HTTP/1.1" 500 1178 "http://localhost:4200/empleadoId" "Mozilla/5.0 (Windows NT 10.0; WOW64) AppleWebKit/537.36 (KHTML, like Gecko) Chrome/71.0.3578.98 Safari/537.36"
[2019-02-01T10:25:15.302] [ERROR] http - ::1 - - "GET /api/v1/items/empleado/id=1 HTTP/1.1" 404 165 "http://localhost:4200/empleadoId" "Mozilla/5.0 (Windows NT 10.0; WOW64) AppleWebKit/537.36 (KHTML, like Gecko) Chrome/71.0.3578.98 Safari/537.36"
[2019-02-01T11:29:40.811] [ERROR] http - ::1 - - "GET /api/v1/items/empleado?id=1 HTTP/1.1" 500 1178 "http://localhost:4200/empleadoId" "Mozilla/5.0 (Windows NT 10.0; WOW64) AppleWebKit/537.36 (KHTML, like Gecko) Chrome/71.0.3578.98 Safari/537.36"
[2019-02-01T12:06:34.702] [ERROR] http - ::1 - - "GET /api/v1/items/empleado?id=1 HTTP/1.1" 404 160 "http://localhost:4200/empleadoId" "Mozilla/5.0 (Windows NT 10.0; WOW64) AppleWebKit/537.36 (KHTML, like Gecko) Chrome/71.0.3578.98 Safari/537.36"
[2019-02-01T12:09:15.660] [ERROR] http - ::1 - - "GET /api/v1/items/empleado?id=1 HTTP/1.1" 404 160 "http://localhost:4200/empleadoId" "Mozilla/5.0 (Windows NT 10.0; WOW64) AppleWebKit/537.36 (KHTML, like Gecko) Chrome/71.0.3578.98 Safari/537.36"
[2019-02-01T12:11:21.161] [ERROR] http - ::1 - - "GET /api/v1/items/empleado HTTP/1.1" 404 160 "http://localhost:4200/empleadoId" "Mozilla/5.0 (Windows NT 10.0; WOW64) AppleWebKit/537.36 (KHTML, like Gecko) Chrome/71.0.3578.98 Safari/537.36"
[2019-02-01T12:15:52.350] [ERROR] http - ::1 - - "GET /api/v1/items/empleado?id=1 HTTP/1.1" 500 1178 "http://localhost:4200/empleadoId" "Mozilla/5.0 (Windows NT 10.0; WOW64) AppleWebKit/537.36 (KHTML, like Gecko) Chrome/71.0.3578.98 Safari/537.36"
[2019-02-01T12:17:08.948] [ERROR] http - ::1 - - "GET /api/v1/items/empleado?id=1 HTTP/1.1" 500 1178 "http://localhost:4200/empleadoId" "Mozilla/5.0 (Windows NT 10.0; WOW64) AppleWebKit/537.36 (KHTML, like Gecko) Chrome/71.0.3578.98 Safari/537.36"
[2019-02-01T12:21:12.208] [ERROR] http - ::1 - - "GET /api/v1/items/empleado/id=1 HTTP/1.1" 404 165 "http://localhost:4200/empleadoId" "Mozilla/5.0 (Windows NT 10.0; WOW64) AppleWebKit/537.36 (KHTML, like Gecko) Chrome/71.0.3578.98 Safari/537.36"
[2019-02-01T12:21:50.867] [ERROR] http - ::1 - - "GET /api/v1/items/empleado/?id=1 HTTP/1.1" 404 161 "http://localhost:4200/empleadoId" "Mozilla/5.0 (Windows NT 10.0; WOW64) AppleWebKit/537.36 (KHTML, like Gecko) Chrome/71.0.3578.98 Safari/537.36"
[2019-02-01T12:22:58.064] [ERROR] http - ::1 - - "GET /api/v1/items/empleado/?id=1 HTTP/1.1" 404 161 "http://localhost:4200/empleadoId" "Mozilla/5.0 (Windows NT 10.0; WOW64) AppleWebKit/537.36 (KHTML, like Gecko) Chrome/71.0.3578.98 Safari/537.36"
[2019-02-01T12:23:08.689] [ERROR] http - ::1 - - "GET /api/v1/items/empleado?id=1 HTTP/1.1" 404 160 "http://localhost:4200/empleadoId" "Mozilla/5.0 (Windows NT 10.0; WOW64) AppleWebKit/537.36 (KHTML, like Gecko) Chrome/71.0.3578.98 Safari/537.36"
[2019-02-01T12:24:27.261] [ERROR] http - ::1 - - "GET /api/v1/items/empleado?id=1 HTTP/1.1" 500 1178 "http://localhost:4200/empleadoId" "Mozilla/5.0 (Windows NT 10.0; WOW64) AppleWebKit/537.36 (KHTML, like Gecko) Chrome/71.0.3578.98 Safari/537.36"
[2019-02-01T12:27:50.546] [ERROR] http - ::1 - - "GET /api/v1/items/empleado?id=1 HTTP/1.1" 500 1178 "http://localhost:4200/empleadoId" "Mozilla/5.0 (Windows NT 10.0; WOW64) AppleWebKit/537.36 (KHTML, like Gecko) Chrome/71.0.3578.98 Safari/537.36"
[2019-02-01T12:44:24.937] [ERROR] http - ::1 - - "GET /api/v1/items/empleado?id=1 HTTP/1.1" 500 1178 "http://localhost:4200/empleadoId" "Mozilla/5.0 (Windows NT 10.0; WOW64) AppleWebKit/537.36 (KHTML, like Gecko) Chrome/71.0.3578.98 Safari/537.36"
[2019-02-01T12:45:34.929] [ERROR] http - ::1 - - "GET /api/v1/items/empleado?id=1 HTTP/1.1" 500 1178 "http://localhost:4200/empleadoId" "Mozilla/5.0 (Windows NT 10.0; WOW64) AppleWebKit/537.36 (KHTML, like Gecko) Chrome/71.0.3578.98 Safari/537.36"
[2019-02-01T12:47:36.649] [ERROR] http - ::1 - - "GET /api/v1/items/empleado?id=1 HTTP/1.1" 500 1178 "http://localhost:4200/empleadoId" "Mozilla/5.0 (Windows NT 10.0; WOW64) AppleWebKit/537.36 (KHTML, like Gecko) Chrome/71.0.3578.98 Safari/537.36"
[2019-02-01T12:52:44.061] [ERROR] http - ::1 - - "GET /api/v1/items/buscar?campo=nombre?busqueda=Cristina HTTP/1.1" 500 1291 "http://localhost:4200/busquedaGeneral" "Mozilla/5.0 (Windows NT 10.0; WOW64) AppleWebKit/537.36 (KHTML, like Gecko) Chrome/71.0.3578.98 Safari/537.36"
[2019-02-01T13:04:57.105] [ERROR] http - ::1 - - "GET /api/v1/items/empleado?id=1 HTTP/1.1" 404 160 "http://localhost:4200/empleadoId" "Mozilla/5.0 (Windows NT 10.0; WOW64) AppleWebKit/537.36 (KHTML, like Gecko) Chrome/71.0.3578.98 Safari/537.36"
[2019-02-01T13:34:02.248] [ERROR] http - ::1 - - "GET /api/v1/items/buscar?campo=?busqueda= HTTP/1.1" 404 158 "http://localhost:4200/busquedaGeneral" "Mozilla/5.0 (Windows NT 10.0; WOW64) AppleWebKit/537.36 (KHTML, like Gecko) Chrome/71.0.3578.98 Safari/537.36"
[2019-02-01T13:39:46.644] [ERROR] http - ::1 - - "GET /api/v1/items/buscar?campo=?busqueda= HTTP/1.1" 404 158 "http://localhost:4200/busquedaGeneral" "Mozilla/5.0 (Windows NT 10.0; WOW64) AppleWebKit/537.36 (KHTML, like Gecko) Chrome/71.0.3578.98 Safari/537.36"
[2019-02-01T13:43:14.025] [ERROR] http - ::1 - - "GET /api/v1/items/empleado/1 HTTP/1.1" 500 1291 "http://localhost:4200/empleadoId" "Mozilla/5.0 (Windows NT 10.0; WOW64) AppleWebKit/537.36 (KHTML, like Gecko) Chrome/71.0.3578.98 Safari/537.36"
[2019-02-01T13:43:38.032] [ERROR] http - ::1 - - "GET /api/v1/items/empleado/1 HTTP/1.1" 500 1291 "" "Mozilla/5.0 (Windows NT 10.0; WOW64) AppleWebKit/537.36 (KHTML, like Gecko) Chrome/71.0.3578.98 Safari/537.36"
[2019-02-01T13:43:59.390] [ERROR] http - ::1 - - "GET /api/v1/items/empleado/1 HTTP/1.1" 500 1291 "http://localhost:3000/api/v1/docs/" "Mozilla/5.0 (Windows NT 10.0; WOW64) AppleWebKit/537.36 (KHTML, like Gecko) Chrome/71.0.3578.98 Safari/537.36"
[2019-02-01T13:54:58.666] [ERROR] http - ::1 - - "GET /api/v1/items/buscar/%7Bdatos%7D?campo=nombre&busqueda=Cristina HTTP/1.1" 500 1297 "http://localhost:3000/api/v1/docs/" "Mozilla/5.0 (Windows NT 10.0; WOW64) AppleWebKit/537.36 (KHTML, like Gecko) Chrome/71.0.3578.98 Safari/537.36"
[2019-02-01T13:55:43.590] [ERROR] http - ::1 - - "GET /api/v1/items/buscar?campo=nombre&busqueda=Cristina HTTP/1.1" 500 1297 "http://localhost:3000/api/v1/docs/" "Mozilla/5.0 (Windows NT 10.0; WOW64) AppleWebKit/537.36 (KHTML, like Gecko) Chrome/71.0.3578.98 Safari/537.36"
[2019-02-01T13:57:31.697] [ERROR] http - ::1 - - "GET /api/v1/items/buscar?campo=nombre&busqueda=Cristina HTTP/1.1" 500 1297 "http://localhost:3000/api/v1/docs/" "Mozilla/5.0 (Windows NT 10.0; WOW64) AppleWebKit/537.36 (KHTML, like Gecko) Chrome/71.0.3578.98 Safari/537.36"
[2019-02-01T13:59:30.811] [ERROR] http - ::1 - - "GET /api/v1/items/buscar?campo=nombre&busqueda=Cristina HTTP/1.1" 500 1297 "http://localhost:3000/api/v1/docs/" "Mozilla/5.0 (Windows NT 10.0; WOW64) AppleWebKit/537.36 (KHTML, like Gecko) Chrome/71.0.3578.98 Safari/537.36"
[2019-02-01T13:59:50.826] [ERROR] http - ::1 - - "GET /api/v1/items/buscar?campo=nombre&busqueda=Cristina HTTP/1.1" 500 1297 "http://localhost:3000/api/v1/docs/" "Mozilla/5.0 (Windows NT 10.0; WOW64) AppleWebKit/537.36 (KHTML, like Gecko) Chrome/71.0.3578.98 Safari/537.36"
[2019-02-06T10:24:14.335] [ERROR] http - ::1 - - "GET /api/v1/items/buscar?campo=&busqueda= HTTP/1.1" 500 1251 "http://localhost:4200/busquedaGeneral" "Mozilla/5.0 (Windows NT 10.0; WOW64) AppleWebKit/537.36 (KHTML, like Gecko) Chrome/71.0.3578.98 Safari/537.36"
[2019-02-06T10:25:07.015] [ERROR] http - ::1 - - "GET /api/v1/items/buscar?campo=&busqueda= HTTP/1.1" 500 1251 "http://localhost:4200/busquedaGeneral" "Mozilla/5.0 (Windows NT 10.0; WOW64) AppleWebKit/537.36 (KHTML, like Gecko) Chrome/71.0.3578.98 Safari/537.36"
[2019-02-21T14:23:09.689] [ERROR] http - ::1 - - "DELETE /api/v1/items/deleteEmp/1 HTTP/1.1" 404 166 "http://localhost:4200/listaEmp" "Mozilla/5.0 (Windows NT 10.0; WOW64) AppleWebKit/537.36 (KHTML, like Gecko) Chrome/72.0.3626.109 Safari/537.36"
[2019-02-22T08:53:21.851] [ERROR] http - ::1 - - "POST /api/v1/items/altaEmp HTTP/1.1" 500 1335 "http://localhost:4200/altaEmpleado" "Mozilla/5.0 (Windows NT 10.0; WOW64) AppleWebKit/537.36 (KHTML, like Gecko) Chrome/72.0.3626.119 Safari/537.36"
[2019-03-07T09:09:58.104] [ERROR] http - ::1 - - "PUT /api/v1/items/updateEmp/5 HTTP/1.1" 500 1376 "http://localhost:4200/modificarEmpleado/5" "Mozilla/5.0 (Windows NT 10.0; WOW64) AppleWebKit/537.36 (KHTML, like Gecko) Chrome/72.0.3626.121 Safari/537.36"
[2019-03-07T09:45:30.155] [ERROR] http - ::1 - - "PUT /api/v1/items/updateEmp/5 HTTP/1.1" 500 1376 "http://localhost:4200/modificarEmpleado/5" "Mozilla/5.0 (Windows NT 10.0; WOW64) AppleWebKit/537.36 (KHTML, like Gecko) Chrome/72.0.3626.121 Safari/537.36"
[2019-03-07T12:03:26.455] [ERROR] http - ::1 - - "PUT /api/v1/items/updateEmp/5 HTTP/1.1" 500 1377 "http://localhost:4200/modificarEmpleado/5" "Mozilla/5.0 (Windows NT 10.0; WOW64) AppleWebKit/537.36 (KHTML, like Gecko) Chrome/72.0.3626.121 Safari/537.36"
[2019-03-07T12:04:40.308] [ERROR] http - ::1 - - "PUT /api/v1/items/updateEmp/5 HTTP/1.1" 500 1377 "http://localhost:4200/modificarEmpleado/5" "Mozilla/5.0 (Windows NT 10.0; WOW64) AppleWebKit/537.36 (KHTML, like Gecko) Chrome/72.0.3626.121 Safari/537.36"
[2019-03-07T12:05:43.451] [ERROR] http - ::1 - - "PUT /api/v1/items/updateEmp/5 HTTP/1.1" 500 1377 "http://localhost:4200/modificarEmpleado/5" "Mozilla/5.0 (Windows NT 10.0; WOW64) AppleWebKit/537.36 (KHTML, like Gecko) Chrome/72.0.3626.121 Safari/537.36"
[2019-03-07T12:06:21.562] [ERROR] http - ::1 - - "PUT /api/v1/items/updateEmp/5 HTTP/1.1" 500 1377 "http://localhost:4200/modificarEmpleado/5" "Mozilla/5.0 (Windows NT 10.0; WOW64) AppleWebKit/537.36 (KHTML, like Gecko) Chrome/72.0.3626.121 Safari/537.36"
[2019-03-07T12:07:30.883] [ERROR] http - ::1 - - "PUT /api/v1/items/updateEmp/5 HTTP/1.1" 500 1377 "http://localhost:4200/modificarEmpleado/5" "Mozilla/5.0 (Windows NT 10.0; WOW64) AppleWebKit/537.36 (KHTML, like Gecko) Chrome/72.0.3626.121 Safari/537.36"
[2019-03-07T12:08:00.711] [ERROR] http - ::1 - - "PUT /api/v1/items/updateEmp/5 HTTP/1.1" 500 1377 "http://localhost:4200/modificarEmpleado/5" "Mozilla/5.0 (Windows NT 10.0; WOW64) AppleWebKit/537.36 (KHTML, like Gecko) Chrome/72.0.3626.121 Safari/537.36"
[2019-03-07T12:08:14.512] [ERROR] http - ::1 - - "PUT /api/v1/items/updateEmp/5 HTTP/1.1" 500 1377 "http://localhost:4200/modificarEmpleado/5" "Mozilla/5.0 (Windows NT 10.0; WOW64) AppleWebKit/537.36 (KHTML, like Gecko) Chrome/72.0.3626.121 Safari/537.36"
[2019-03-07T12:09:15.961] [ERROR] http - ::1 - - "PUT /api/v1/items/updateEmp/5 HTTP/1.1" 500 1377 "http://localhost:4200/modificarEmpleado/5" "Mozilla/5.0 (Windows NT 10.0; WOW64) AppleWebKit/537.36 (KHTML, like Gecko) Chrome/72.0.3626.121 Safari/537.36"
[2019-03-07T12:16:20.435] [ERROR] http - ::1 - - "PUT /api/v1/items/updateEmp/5 HTTP/1.1" 500 1376 "http://localhost:4200/modificarEmpleado/5" "Mozilla/5.0 (Windows NT 10.0; WOW64) AppleWebKit/537.36 (KHTML, like Gecko) Chrome/72.0.3626.121 Safari/537.36"
